{"FirstName":"ELVA","LastName":"RECHKEMMER","Designation":"CEO","Salary":"154000","DateOfJoining":"1993-01-11","Address":"8417 Blue Spring St. Port Orange, FL 32127","Gender":"Female","Age":62,"MaritalStatus":"Unmarried","Interests":"Body Building,Illusion,Protesting,Taxidermy,TV watching,Cartooning,Skateboarding"}
{"FirstName":"JENNEFER","LastName":"WENIG","Designation":"President","Salary":"110000","DateOfJoining":"2013-02-07","Address":"16 Manor Station Court Huntsville, AL 35803","Gender":"Female","Age":45,"MaritalStatus":"Unmarried","Interests":"String Figures,Working on cars,Button Collecting,Surf Fishing"}
{"FirstName":"LAUREN","LastName":"RIDENS","Designation":"President","Salary":"123000","DateOfJoining":"2010-01-14","Address":"287 SE. Schoolhouse Street Clifton, NJ 07011","Gender":"Female","Age":63,"MaritalStatus":"Married","Interests":"Saltwater Aquariums"}
{"FirstName":"VANIA","LastName":"HAMMING","Designation":"President","Salary":"127000","DateOfJoining":"1970-01-05","Address":"871 Leatherwood Street North Canton, OH 44720","Gender":"Female","Age":65,"MaritalStatus":"Unmarried","Interests":"Golf,Weather Watcher,Fencing,Leathercrafting,Tutoring Children,Blogging,Building Dollhouses"}
{"FirstName":"GENARO","LastName":"HARDNETT","Designation":"Vice President","Salary":"108000","DateOfJoining":"2008-01-14","Address":"20 Sage Dr. El Paso, TX 79930","Gender":"Male","Age":59,"MaritalStatus":"Married","Interests":"Collecting Antiques,Hula Hooping,Airbrushing"}
{"FirstName":"CIERRA","LastName":"BRIGGERMAN","Designation":"Vice President","Salary":"106000","DateOfJoining":"1991-09-16","Address":"974 Boston Ave. Huntington, NY 11743","Gender":"Female","Age":47,"MaritalStatus":"Unmarried","Interests":"Diecast Collectibles,Tool Collecting,Stamp Collecting"}
{"FirstName":"RUSS","LastName":"LISHMAN","Designation":"Vice President","Salary":"109000","DateOfJoining":"1985-02-12","Address":"937 Bohemia Ave. Port Washington, NY 11050","Gender":"Male","Age":58,"MaritalStatus":"Married","Interests":"Beatboxing,Amateur Radio,Survival,Casino Gambling,BMX,Bicycling"}
{"FirstName":"JED","LastName":"CROUT","Designation":"Vice President","Salary":"108000","DateOfJoining":"1994-09-12","Address":"952 West Oxford Rd. Enfield, CT 06082","Gender":"Male","Age":60,"MaritalStatus":"Married","Interests":"Papermache,Making Model Cars,Go Kart Racing,Beachcombing,Kayaking,Sleeping,Conworlding"}
{"FirstName":"VENICE","LastName":"LEDAY","Designation":"Vice President","Salary":"105000","DateOfJoining":"2016-02-03","Address":"17 Grove St. Lake Jackson, TX 77566","Gender":"Female","Age":56,"MaritalStatus":"Unmarried","Interests":"Floral Arrangements,Making Model Cars,Slot Car Racing"}
{"FirstName":"SANDIE","LastName":"CAVALIERI","Designation":"Vice President","Salary":"108000","DateOfJoining":"2009-01-07","Address":"35 Brookside Drive South Richmond Hill, NY 11419","Gender":"Female","Age":60,"MaritalStatus":"Unmarried","Interests":"Aircraft Spotting,Pottery,Airsofting,Belly Dancing,Kayaking"}
{"FirstName":"MAGDALEN","LastName":"STUMP","Designation":"Vice President","Salary":"100000","DateOfJoining":"2009-01-02","Address":"8991 Ridge St. Buffalo, NY 14215","Gender":"Female","Age":59,"MaritalStatus":"Unmarried","Interests":"Wingsuit Flying,Felting,Educational Courses,Tesla Coils,Gun Collecting,Ceramics"}
{"FirstName":"FLOYD","LastName":"QUIZON","Designation":"Vice President","Salary":"105000","DateOfJoining":"1988-12-06","Address":"236 Evergreen Rd. Ridgecrest, CA 93555","Gender":"Male","Age":50,"MaritalStatus":"Married","Interests":"Astrology,Reading,Puppetry,Model Rockets,BMX,Bell Ringing,Embroidery"}
{"FirstName":"FRANKLIN","LastName":"PAPASERGI","Designation":"Vice President","Salary":"108000","DateOfJoining":"1992-02-24","Address":"7244 Wentworth Ave. Palm Harbor, FL 34683","Gender":"Male","Age":46,"MaritalStatus":"Unmarried","Interests":"Hang gliding"}
{"FirstName":"FRANKLIN","LastName":"BIERL","Designation":"Vice President","Salary":"100000","DateOfJoining":"2006-01-02","Address":"8538 Monroe Rd. Holly Springs, NC 27540","Gender":"Male","Age":57,"MaritalStatus":"Married","Interests":"Ghost Hunting"}
{"FirstName":"EDUARDO","LastName":"BANKOS","Designation":"Vice President","Salary":"103000","DateOfJoining":"1981-02-04","Address":"43 Hilltop St. Oak Ridge, TN 37830","Gender":"Male","Age":65,"MaritalStatus":"Married","Interests":"Animals/pets/dogs,Home Repair,Dominoes,Crocheting,Amateur Astronomy,Locksport,Beach/Sun tanning"}
{"FirstName":"VALERIA","LastName":"MCQUILLEN","Designation":"Vice President","Salary":"109000","DateOfJoining":"2011-03-28","Address":"8546 Lakewood Drive Aliquippa, PA 15001","Gender":"Female","Age":46,"MaritalStatus":"Unmarried","Interests":"Electronics,Astronomy,Spelunkering,Sky Diving,Tesla Coils,Rafting,Base Jumping"}
{"FirstName":"CHARLOTTE","LastName":"KOGEL","Designation":"Vice President","Salary":"110000","DateOfJoining":"2004-09-03","Address":"7865 Snake Hill Ave. Stevens Point, WI 54481","Gender":"Female","Age":54,"MaritalStatus":"Married","Interests":"TV watching,Working on cars,Beach/Sun tanning,Amateur Radio,Four Wheeling,Base Jumping,Car Racing"}
{"FirstName":"MARCOS","LastName":"SULTANA","Designation":"Vice President","Salary":"102000","DateOfJoining":"1976-01-19","Address":"52 Philmont Street Englewood, NJ 07631","Gender":"Male","Age":59,"MaritalStatus":"Unmarried","Interests":"Collecting Swords,Making Model Cars,Musical Instruments,Coin Collecting,Soccer,Jigsaw Puzzles"}
{"FirstName":"OLETA","LastName":"VERKUILEN","Designation":"Vice President","Salary":"103000","DateOfJoining":"1995-02-22","Address":"32 Bellevue Ave. Frederick, MD 21701","Gender":"Female","Age":49,"MaritalStatus":"Unmarried","Interests":"Four Wheeling,Conworlding,Amateur Astronomy,Jump Roping,Rockets"}
{"FirstName":"EDDIE","LastName":"BRITCHER","Designation":"Vice President","Salary":"102000","DateOfJoining":"1999-10-05","Address":"7520 N. Race St. Waltham, MA 02453","Gender":"Male","Age":60,"MaritalStatus":"Unmarried","Interests":"Camping,Collecting RPM Records"}
{"FirstName":"CAMI","LastName":"TAECKER","Designation":"Vice President","Salary":"106000","DateOfJoining":"2004-02-09","Address":"98 Cooper Street Fargo, ND 58102","Gender":"Female","Age":56,"MaritalStatus":"Married","Interests":"Home Repair,Parachuting,Hot air ballooning,Gardening"}
{"FirstName":"IVETTE","LastName":"PETROVITS","Designation":"Delivery Manager","Salary":"96000","DateOfJoining":"1999-01-07","Address":"8578 South Market Street Centreville, VA 20120","Gender":"Female","Age":51,"MaritalStatus":"Married","Interests":"Rocking AIDS Babies,Cosplay,Weightlifting,Musical Instruments,Train Spotting,Calligraphy"}
{"FirstName":"BUCK","LastName":"BLOOMSBURG","Designation":"Delivery Manager","Salary":"92000","DateOfJoining":"2016-02-24","Address":"8318 Grandrose St. Ossining, NY 10562","Gender":"Male","Age":44,"MaritalStatus":"Married","Interests":"Collecting Antiques,Fire Poi,Impersonations,Owning An Antique Car,Protesting"}
{"FirstName":"RACHELE","LastName":"THUNEY","Designation":"Delivery Manager","Salary":"94000","DateOfJoining":"2000-01-26","Address":"749 Devonshire Road Muscatine, IA 52761","Gender":"Female","Age":44,"MaritalStatus":"Married","Interests":"Darts,Running,Cloud Watching,Learning To Pilot A Plane,Video Games,Protesting"}
{"FirstName":"KORY","LastName":"KERVIN","Designation":"Delivery Manager","Salary":"92000","DateOfJoining":"2009-02-04","Address":"74 Longfellow St. Casselberry, FL 32707","Gender":"Male","Age":55,"MaritalStatus":"Married","Interests":"Internet"}
{"FirstName":"GONZALO","LastName":"MANGLONA","Designation":"Delivery Manager","Salary":"100000","DateOfJoining":"1990-01-22","Address":"366 South Golf Road Calumet City, IL 60409","Gender":"Male","Age":45,"MaritalStatus":"Married","Interests":"Collecting RPM Records,Football"}
{"FirstName":"ADALINE","LastName":"SPELLANE","Designation":"Delivery Manager","Salary":"97000","DateOfJoining":"2003-01-09","Address":"7380 Ivy St. West Islip, NY 11795","Gender":"Female","Age":48,"MaritalStatus":"Married","Interests":"Sewing"}
{"FirstName":"REED","LastName":"FEDORCZYK","Designation":"Delivery Manager","Salary":"90000","DateOfJoining":"1997-01-31","Address":"9080 W. Washington Drive Middleburg, FL 32068","Gender":"Male","Age":46,"MaritalStatus":"Married","Interests":"Tatting,Body Building"}
{"FirstName":"MELVIN","LastName":"REBICH","Designation":"Delivery Manager","Salary":"91000","DateOfJoining":"1996-01-22","Address":"846 Birchpond Lane Camas, WA 98607","Gender":"Male","Age":54,"MaritalStatus":"Married","Interests":"Boomerangs,Learning A Foreign Language,Reading,Birding,Toy Collecting"}
{"FirstName":"NATIVIDAD","LastName":"RAVER","Designation":"Delivery Manager","Salary":"90000","DateOfJoining":"1990-01-18","Address":"69 North Harvey Ave. New Haven, CT 06511","Gender":"Female","Age":52,"MaritalStatus":"Married","Interests":"Crochet,Cross-Stitch,Violin,Tesla Coils,Renting movies"}
{"FirstName":"LANCE","LastName":"ACKERMAN","Designation":"Delivery Manager","Salary":"91000","DateOfJoining":"2015-01-13","Address":"49 Windsor Ave. Fair Lawn, NJ 07410","Gender":"Male","Age":47,"MaritalStatus":"Unmarried","Interests":"Shark Fishing,Ultimate Frisbee,Train Spotting,Soap Making,Metal Detecting,Iceskating"}
{"FirstName":"ADAM","LastName":"RONSANI","Designation":"Delivery Manager","Salary":"94000","DateOfJoining":"2005-01-05","Address":"16 East Sunset St. Elizabethtown, PA 17022","Gender":"Male","Age":52,"MaritalStatus":"Married","Interests":"Backgammon,String Figures,Games,Watching sporting events,Crochet,Pinochle"}
{"FirstName":"DEBBRA","LastName":"VILTZ","Designation":"Delivery Manager","Salary":"92000","DateOfJoining":"2012-07-12","Address":"7 Birch Hill Street Woodbridge, VA 22191","Gender":"Female","Age":41,"MaritalStatus":"Married","Interests":"Microscopy,Fast cars,Tatting,Chess,Bell Ringing,Slingshots"}
{"FirstName":"ASHLI","LastName":"CUJAS","Designation":"Delivery Manager","Salary":"99000","DateOfJoining":"2009-02-26","Address":"83 Beech Court Bethpage, NY 11714","Gender":"Female","Age":45,"MaritalStatus":"Unmarried","Interests":"Origami,Sky Diving,Papermache,Learning An Instrument"}
{"FirstName":"JERAMY","LastName":"KLINNERT","Designation":"Delivery Manager","Salary":"91000","DateOfJoining":"2011-01-25","Address":"347 Stonybrook Ave. Ypsilanti, MI 48197","Gender":"Male","Age":51,"MaritalStatus":"Unmarried","Interests":"Ziplining,Badminton,Home Theater,Lasers,Building A House For Habitat For Humanity,Woodworking,Astronomy"}
{"FirstName":"CYRUS","LastName":"ORKIN","Designation":"Delivery Manager","Salary":"95000","DateOfJoining":"2004-02-13","Address":"92 Virginia St. Schenectady, NY 12302","Gender":"Male","Age":43,"MaritalStatus":"Unmarried","Interests":"Rapping"}
{"FirstName":"PABLO","LastName":"BINIENDA","Designation":"Delivery Manager","Salary":"93000","DateOfJoining":"2007-02-14","Address":"956 Lafayette St. Whitehall, PA 18052","Gender":"Male","Age":44,"MaritalStatus":"Married","Interests":"Listening to music,Puppetry,Football"}
{"FirstName":"SARAH","LastName":"MODER","Designation":"Delivery Manager","Salary":"98000","DateOfJoining":"2000-02-29","Address":"70 Lincoln Road Hammonton, NJ 08037","Gender":"Female","Age":50,"MaritalStatus":"Unmarried","Interests":"Ziplining,Rocking AIDS Babies,Tetris,Scuba Diving,Belly Dancing,Racing Pigeons"}
{"FirstName":"MARIA","LastName":"PARCO","Designation":"Delivery Manager","Salary":"99000","DateOfJoining":"2001-02-19","Address":"147 Newcastle Drive Pittsfield, MA 01201","Gender":"Female","Age":43,"MaritalStatus":"Married","Interests":"Rock Collecting,Surfing,Renting movies,Crafts"}
{"FirstName":"COLLIN","LastName":"TUKIS","Designation":"Delivery Manager","Salary":"100000","DateOfJoining":"1987-09-21","Address":"538 North Leeton Ridge St. Johnston, RI 02919","Gender":"Male","Age":51,"MaritalStatus":"Unmarried","Interests":"Planking,Falconry,Astronomy,Making Model Cars,Guitar"}
{"FirstName":"OZELLA","LastName":"FRISKE","Designation":"Delivery Manager","Salary":"95000","DateOfJoining":"2014-02-12","Address":"373 Center Dr. Clarksville, TN 37040","Gender":"Female","Age":54,"MaritalStatus":"Married","Interests":"Planking,Tennis,Rapping,Spelunkering,Singing In Choir"}
{"FirstName":"GREG","LastName":"YOST","Designation":"Delivery Manager","Salary":"95000","DateOfJoining":"1993-02-12","Address":"919 Lawrence Street Plymouth, MA 02360","Gender":"Male","Age":54,"MaritalStatus":"Married","Interests":"R/C Boats,Darts,Trekkie,Rafting,Frisbee Golf – Frolf"}
{"FirstName":"LAURIE","LastName":"MADINE","Designation":"Delivery Manager","Salary":"93000","DateOfJoining":"1999-02-01","Address":"100 Ocean Dr. Chapel Hill, NC 27516","Gender":"Female","Age":52,"MaritalStatus":"Married","Interests":"Internet"}
{"FirstName":"KENISHA","LastName":"DEGNIM","Designation":"Delivery Manager","Salary":"93000","DateOfJoining":"2014-01-22","Address":"258 West Cactus Ave. Frankfort, KY 40601","Gender":"Female","Age":50,"MaritalStatus":"Married","Interests":"Dolls"}
{"FirstName":"STACY","LastName":"DUBE","Designation":"Delivery Manager","Salary":"98000","DateOfJoining":"2000-01-13","Address":"51 Redwood Street Rossville, GA 30741","Gender":"Female","Age":52,"MaritalStatus":"Married","Interests":"Gyotaku,Dodgeball,Fast cars,Martial Arts,Walking,Hot air ballooning,Juggling"}
{"FirstName":"MOZELL","LastName":"MCKELVIE","Designation":"Delivery Manager","Salary":"92000","DateOfJoining":"2003-02-17","Address":"44 East Wild Rose Ave. Kings Mountain, NC 28086","Gender":"Female","Age":49,"MaritalStatus":"Unmarried","Interests":"Survival,Reading,Genealogy,Educational Courses,Bringing Food To The Disabled,Home Repair,Paragliding or Power Paragliding"}
{"FirstName":"NARCISA","LastName":"DEGRE","Designation":"Delivery Manager","Salary":"96000","DateOfJoining":"1992-02-05","Address":"3 El Dorado Street Beckley, WV 25801","Gender":"Female","Age":55,"MaritalStatus":"Married","Interests":"Slack Lining,Illusion"}
{"FirstName":"DEB","LastName":"BELTZ","Designation":"Delivery Manager","Salary":"92000","DateOfJoining":"2012-01-30","Address":"28 Argyle St. Mc Lean, VA 22101","Gender":"Female","Age":51,"MaritalStatus":"Married","Interests":"Hang gliding,Shopping,R/C Helicopters,Volunteer,Bell Ringing,Papermache,Boating"}
{"FirstName":"TAMESHA","LastName":"CANZONERI","Designation":"Delivery Manager","Salary":"90000","DateOfJoining":"2003-02-03","Address":"32 Saxton Lane Vernon Hills, IL 60061","Gender":"Female","Age":43,"MaritalStatus":"Married","Interests":"YoYo,Tool Collecting,Mountain Climbing,Shopping,Slot Car Racing,Pottery,Jet Engines"}
{"FirstName":"VALENTIN","LastName":"URBINA","Designation":"Delivery Manager","Salary":"94000","DateOfJoining":"2003-02-26","Address":"801 Nicolls St. Baltimore, MD 21206","Gender":"Male","Age":47,"MaritalStatus":"Married","Interests":"Kitchen Chemistry,Rock Balancing,Planking,Floorball"}